[2012-12-23 00:23:31] request.ERROR: Symfony\Component\HttpKernel\Exception\NotFoundHttpException: No route found for "GET /" (uncaught exception) at C:\Apache24\htdocs\symfony\vendor\symfony\symfony\src\Symfony\Component\HttpKernel\EventListener\RouterListener.php line 92 [] []
[2012-12-23 00:23:32] request.ERROR: Symfony\Component\HttpKernel\Exception\NotFoundHttpException: No route found for "GET /" (uncaught exception) at C:\Apache24\htdocs\symfony\vendor\symfony\symfony\src\Symfony\Component\HttpKernel\EventListener\RouterListener.php line 92 [] []
[2012-12-23 00:33:12] request.ERROR: Symfony\Component\HttpKernel\Exception\NotFoundHttpException: No route found for "GET /" (uncaught exception) at C:\Apache24\htdocs\symfony\app\cache\prod\classes.php line 5117 [] []
[2012-12-23 00:34:19] request.ERROR: Symfony\Component\HttpKernel\Exception\NotFoundHttpException: No route found for "GET /" (uncaught exception) at C:\Apache24\htdocs\symfony\app\cache\prod\classes.php line 5117 [] []
[2012-12-23 00:36:28] request.ERROR: Symfony\Component\HttpKernel\Exception\NotFoundHttpException: No route found for "GET /" (uncaught exception) at C:\Apache24\htdocs\symfony\app\cache\prod\classes.php line 5117 [] []
[2012-12-23 01:16:23] request.ERROR: Symfony\Component\HttpKernel\Exception\NotFoundHttpException: No route found for "GET /" (uncaught exception) at C:\Apache24\htdocs\symfony\app\cache\prod\classes.php line 5117 [] []
[2012-12-23 01:18:14] request.ERROR: Symfony\Component\HttpKernel\Exception\NotFoundHttpException: No route found for "GET /" (uncaught exception) at C:\Apache24\htdocs\symfony\app\cache\prod\classes.php line 5117 [] []
[2012-12-23 01:24:12] request.ERROR: Symfony\Component\HttpKernel\Exception\NotFoundHttpException: No route found for "GET /" (uncaught exception) at C:\Apache24\htdocs\symfony\app\cache\prod\classes.php line 5117 [] []
[2012-12-23 01:24:43] request.ERROR: Symfony\Component\HttpKernel\Exception\NotFoundHttpException: No route found for "GET /" (uncaught exception) at C:\Apache24\htdocs\symfony\app\cache\prod\classes.php line 5117 [] []
[2012-12-23 01:24:47] request.ERROR: Symfony\Component\HttpKernel\Exception\NotFoundHttpException: No route found for "GET /" (uncaught exception) at C:\Apache24\htdocs\symfony\app\cache\prod\classes.php line 5117 [] []
[2012-12-23 01:24:54] request.ERROR: Symfony\Component\HttpKernel\Exception\NotFoundHttpException: No route found for "GET /" (uncaught exception) at C:\Apache24\htdocs\symfony\app\cache\prod\classes.php line 5117 [] []
[2012-12-23 01:25:03] request.INFO: Matched route "requests_show" (parameters: "_controller": "Dreamheads\Bundle\LeadCRMBundle\Controller\RequestController::showListAction", "_route": "requests_show") [] []
[2012-12-23 01:25:03] request.CRITICAL: Doctrine\ORM\ORMException: Unknown Entity namespace alias 'DreamheadsLeadCRMBundle'. (uncaught exception) at C:\Apache24\htdocs\symfony\vendor\doctrine\orm\lib\Doctrine\ORM\ORMException.php line 148 [] []
[2012-12-23 01:25:14] request.INFO: Matched route "requests_show" (parameters: "_controller": "Dreamheads\Bundle\LeadCRMBundle\Controller\RequestController::showListAction", "_route": "requests_show") [] []
[2012-12-23 01:25:14] request.CRITICAL: Doctrine\ORM\ORMException: Unknown Entity namespace alias 'DreamheadsLeadCRMBundle'. (uncaught exception) at C:\Apache24\htdocs\symfony\vendor\doctrine\orm\lib\Doctrine\ORM\ORMException.php line 148 [] []
[2012-12-23 01:25:18] request.ERROR: Symfony\Component\HttpKernel\Exception\NotFoundHttpException: No route found for "GET /requests/" (uncaught exception) at C:\Apache24\htdocs\symfony\app\cache\prod\classes.php line 5117 [] []
[2012-12-23 01:26:31] request.INFO: Matched route "requests_show" (parameters: "_controller": "Dreamheads\Bundle\LeadCRMBundle\Controller\RequestController::showListAction", "_route": "requests_show") [] []
[2012-12-23 01:26:32] request.CRITICAL: Doctrine\ORM\ORMException: Unknown Entity namespace alias 'DreamheadsLeadCRMBundle'. (uncaught exception) at C:\Apache24\htdocs\symfony\vendor\doctrine\orm\lib\Doctrine\ORM\ORMException.php line 148 [] []
[2012-12-23 01:26:45] request.ERROR: Symfony\Component\HttpKernel\Exception\NotFoundHttpException: No route found for "GET /web/app_DEV.php/requests" (uncaught exception) at C:\Apache24\htdocs\symfony\app\cache\prod\classes.php line 5117 [] []
[2012-12-23 01:26:49] request.INFO: Matched route "requests_show" (parameters: "_controller": "Dreamheads\Bundle\LeadCRMBundle\Controller\RequestController::showListAction", "_route": "requests_show") [] []
[2012-12-23 01:26:49] request.CRITICAL: Doctrine\ORM\ORMException: Unknown Entity namespace alias 'DreamheadsLeadCRMBundle'. (uncaught exception) at C:\Apache24\htdocs\symfony\vendor\doctrine\orm\lib\Doctrine\ORM\ORMException.php line 148 [] []
[2012-12-23 01:27:00] request.INFO: Matched route "requests_show" (parameters: "_controller": "Dreamheads\Bundle\LeadCRMBundle\Controller\RequestController::showListAction", "_route": "requests_show") [] []
[2012-12-23 01:27:01] request.CRITICAL: Doctrine\ORM\ORMException: Unknown Entity namespace alias 'DreamheadsLeadCRMBundle'. (uncaught exception) at C:\Apache24\htdocs\symfony\vendor\doctrine\orm\lib\Doctrine\ORM\ORMException.php line 148 [] []
[2012-12-23 01:27:05] request.ERROR: Symfony\Component\HttpKernel\Exception\NotFoundHttpException: No route found for "GET /" (uncaught exception) at C:\Apache24\htdocs\symfony\app\cache\prod\classes.php line 5117 [] []
[2012-12-23 01:27:16] request.ERROR: Symfony\Component\HttpKernel\Exception\NotFoundHttpException: No route found for "GET /requestsf" (uncaught exception) at C:\Apache24\htdocs\symfony\app\cache\prod\classes.php line 5117 [] []
[2012-12-23 01:27:25] request.INFO: Matched route "requests_show" (parameters: "_controller": "Dreamheads\Bundle\LeadCRMBundle\Controller\RequestController::showListAction", "_route": "requests_show") [] []
[2012-12-23 01:27:26] request.CRITICAL: Doctrine\ORM\ORMException: Unknown Entity namespace alias 'DreamheadsLeadCRMBundle'. (uncaught exception) at C:\Apache24\htdocs\symfony\vendor\doctrine\orm\lib\Doctrine\ORM\ORMException.php line 148 [] []
[2012-12-23 01:27:50] request.INFO: Matched route "requests_show" (parameters: "_controller": "Dreamheads\Bundle\LeadCRMBundle\Controller\RequestController::showListAction", "_route": "requests_show") [] []
[2012-12-23 01:27:50] request.CRITICAL: LogicException: The controller must return a response (hi given). (uncaught exception) at C:\Apache24\htdocs\symfony\app\bootstrap.php.cache line 1442 [] []
[2012-12-23 01:28:06] request.ERROR: Symfony\Component\HttpKernel\Exception\NotFoundHttpException: No route found for "GET /" (uncaught exception) at C:\Apache24\htdocs\symfony\app\cache\prod\classes.php line 5117 [] []
[2012-12-23 01:28:25] request.ERROR: Symfony\Component\HttpKernel\Exception\NotFoundHttpException: No route found for "GET /" (uncaught exception) at C:\Apache24\htdocs\symfony\app\cache\prod\classes.php line 5117 [] []
[2012-12-23 01:28:28] request.ERROR: Symfony\Component\HttpKernel\Exception\NotFoundHttpException: No route found for "GET /" (uncaught exception) at C:\Apache24\htdocs\symfony\app\cache\prod\classes.php line 5117 [] []
[2012-12-23 01:30:00] request.ERROR: Symfony\Component\HttpKernel\Exception\NotFoundHttpException: No route found for "GET /" (uncaught exception) at C:\Apache24\htdocs\symfony\app\cache\prod\classes.php line 5117 [] []
[2012-12-23 01:30:05] request.INFO: Matched route "requests_show" (parameters: "_controller": "Dreamheads\Bundle\LeadCRMBundle\Controller\RequestController::showListAction", "_route": "requests_show") [] []
[2012-12-23 01:30:06] request.CRITICAL: LogicException: The controller must return a response (hi given). (uncaught exception) at C:\Apache24\htdocs\symfony\app\bootstrap.php.cache line 1442 [] []
[2012-12-23 01:30:06] request.INFO: Matched route "requests_show" (parameters: "_controller": "Dreamheads\Bundle\LeadCRMBundle\Controller\RequestController::showListAction", "_route": "requests_show") [] []
[2012-12-23 01:30:06] request.CRITICAL: LogicException: The controller must return a response (hi given). (uncaught exception) at C:\Apache24\htdocs\symfony\app\bootstrap.php.cache line 1442 [] []
[2012-12-23 01:30:35] request.INFO: Matched route "requests_show" (parameters: "_controller": "Dreamheads\Bundle\LeadCRMBundle\Controller\RequestController::showListAction", "_route": "requests_show") [] []
[2012-12-23 01:30:36] request.CRITICAL: LogicException: The controller must return a response (hi given). (uncaught exception) at C:\Apache24\htdocs\symfony\app\bootstrap.php.cache line 1442 [] []
[2012-12-23 01:30:38] request.INFO: Matched route "requests_show" (parameters: "_controller": "Dreamheads\Bundle\LeadCRMBundle\Controller\RequestController::showListAction", "_route": "requests_show") [] []
[2012-12-23 01:30:38] request.CRITICAL: LogicException: The controller must return a response (hi given). (uncaught exception) at C:\Apache24\htdocs\symfony\app\bootstrap.php.cache line 1442 [] []
[2012-12-23 01:32:02] request.ERROR: Symfony\Component\HttpKernel\Exception\NotFoundHttpException: No route found for "GET /_configurator/" (uncaught exception) at C:\Apache24\htdocs\symfony\app\cache\prod\classes.php line 5117 [] []
[2012-12-23 01:32:16] request.ERROR: Symfony\Component\HttpKernel\Exception\NotFoundHttpException: No route found for "GET /" (uncaught exception) at C:\Apache24\htdocs\symfony\app\cache\prod\classes.php line 5117 [] []
[2012-12-23 01:33:01] request.ERROR: Symfony\Component\HttpKernel\Exception\NotFoundHttpException: No route found for "GET /" (uncaught exception) at C:\Apache24\htdocs\symfony\app\cache\prod\classes.php line 5117 [] []
[2012-12-23 01:33:14] request.ERROR: Symfony\Component\HttpKernel\Exception\NotFoundHttpException: No route found for "GET /" (uncaught exception) at C:\Apache24\htdocs\symfony\app\cache\prod\classes.php line 5117 [] []
[2012-12-23 01:33:58] request.INFO: Matched route "requests_show" (parameters: "_controller": "Dreamheads\Bundle\LeadCRMBundle\Controller\RequestController::showListAction", "_route": "requests_show") [] []
[2012-12-23 01:33:59] request.CRITICAL: LogicException: The controller must return a response (hi given). (uncaught exception) at C:\Apache24\htdocs\symfony\app\bootstrap.php.cache line 1442 [] []
[2012-12-23 01:33:58] request.INFO: Matched route "requests_show" (parameters: "_controller": "Dreamheads\Bundle\LeadCRMBundle\Controller\RequestController::showListAction", "_route": "requests_show") [] []
[2012-12-23 01:33:59] request.CRITICAL: LogicException: The controller must return a response (hi given). (uncaught exception) at C:\Apache24\htdocs\symfony\app\bootstrap.php.cache line 1442 [] []
[2012-12-23 01:34:16] request.INFO: Matched route "requests_show" (parameters: "_controller": "Dreamheads\Bundle\LeadCRMBundle\Controller\RequestController::showListAction", "_route": "requests_show") [] []
[2012-12-23 01:34:17] request.CRITICAL: LogicException: The controller must return a response (hi given). (uncaught exception) at C:\Apache24\htdocs\symfony\app\bootstrap.php.cache line 1442 [] []
[2012-12-23 01:34:19] request.INFO: Matched route "requests_show" (parameters: "_controller": "Dreamheads\Bundle\LeadCRMBundle\Controller\RequestController::showListAction", "_route": "requests_show") [] []
[2012-12-23 01:34:19] request.CRITICAL: LogicException: The controller must return a response (hi given). (uncaught exception) at C:\Apache24\htdocs\symfony\app\bootstrap.php.cache line 1442 [] []
[2012-12-23 01:35:12] request.INFO: Matched route "requests_show" (parameters: "_controller": "Dreamheads\Bundle\LeadCRMBundle\Controller\RequestController::showListAction", "_route": "requests_show") [] []
[2012-12-23 01:35:12] request.CRITICAL: Doctrine\ORM\ORMException: Unknown Entity namespace alias 'DreamheadsLeadCRMBundle'. (uncaught exception) at C:\Apache24\htdocs\symfony\vendor\doctrine\orm\lib\Doctrine\ORM\ORMException.php line 148 [] []
[2012-12-23 01:35:12] request.INFO: Matched route "requests_show" (parameters: "_controller": "Dreamheads\Bundle\LeadCRMBundle\Controller\RequestController::showListAction", "_route": "requests_show") [] []
[2012-12-23 01:35:12] request.CRITICAL: Doctrine\ORM\ORMException: Unknown Entity namespace alias 'DreamheadsLeadCRMBundle'. (uncaught exception) at C:\Apache24\htdocs\symfony\vendor\doctrine\orm\lib\Doctrine\ORM\ORMException.php line 148 [] []
[2012-12-23 01:36:15] request.INFO: Matched route "requests_show" (parameters: "_controller": "Dreamheads\Bundle\LeadCRMBundle\Controller\RequestController::showListAction", "_route": "requests_show") [] []
[2012-12-23 01:36:15] request.CRITICAL: Doctrine\ORM\ORMException: Unknown Entity namespace alias 'DreamheadsLeadCRMBundle'. (uncaught exception) at C:\Apache24\htdocs\symfony\vendor\doctrine\orm\lib\Doctrine\ORM\ORMException.php line 148 [] []
[2012-12-23 01:36:15] request.INFO: Matched route "requests_show" (parameters: "_controller": "Dreamheads\Bundle\LeadCRMBundle\Controller\RequestController::showListAction", "_route": "requests_show") [] []
[2012-12-23 01:36:15] request.CRITICAL: Doctrine\ORM\ORMException: Unknown Entity namespace alias 'DreamheadsLeadCRMBundle'. (uncaught exception) at C:\Apache24\htdocs\symfony\vendor\doctrine\orm\lib\Doctrine\ORM\ORMException.php line 148 [] []
[2012-12-23 01:37:14] request.INFO: Matched route "requests_show" (parameters: "_controller": "Dreamheads\Bundle\LeadCRMBundle\Controller\RequestController::showListAction", "_route": "requests_show") [] []
[2012-12-23 01:37:15] request.CRITICAL: Doctrine\ORM\ORMException: Unknown Entity namespace alias 'DreamheadsLeadCRMBundle'. (uncaught exception) at C:\Apache24\htdocs\symfony\vendor\doctrine\orm\lib\Doctrine\ORM\ORMException.php line 148 [] []
[2012-12-23 01:37:28] request.INFO: Matched route "requests_show" (parameters: "_controller": "Dreamheads\Bundle\LeadCRMBundle\Controller\RequestController::showListAction", "_route": "requests_show") [] []
[2012-12-23 01:37:29] request.CRITICAL: Doctrine\ORM\ORMException: Unknown Entity namespace alias 'DreamheadsLeadCRMBundle'. (uncaught exception) at C:\Apache24\htdocs\symfony\vendor\doctrine\orm\lib\Doctrine\ORM\ORMException.php line 148 [] []
[2012-12-23 01:37:29] request.INFO: Matched route "requests_show" (parameters: "_controller": "Dreamheads\Bundle\LeadCRMBundle\Controller\RequestController::showListAction", "_route": "requests_show") [] []
[2012-12-23 01:37:29] request.CRITICAL: Doctrine\ORM\ORMException: Unknown Entity namespace alias 'DreamheadsLeadCRMBundle'. (uncaught exception) at C:\Apache24\htdocs\symfony\vendor\doctrine\orm\lib\Doctrine\ORM\ORMException.php line 148 [] []
[2012-12-23 01:47:20] request.INFO: Matched route "requests_show" (parameters: "_controller": "Dreamheads\Bundle\LeadCRMBundle\Controller\RequestController::showListAction", "_route": "requests_show") [] []
[2012-12-23 01:47:20] request.CRITICAL: Doctrine\ORM\ORMException: Unknown Entity namespace alias 'DreamheadsLeadCRMBundle'. (uncaught exception) at C:\Apache24\htdocs\symfony\vendor\doctrine\orm\lib\Doctrine\ORM\ORMException.php line 148 [] []
[2012-12-23 01:47:23] request.INFO: Matched route "requests_show" (parameters: "_controller": "Dreamheads\Bundle\LeadCRMBundle\Controller\RequestController::showListAction", "_route": "requests_show") [] []
[2012-12-23 01:47:23] request.CRITICAL: Doctrine\ORM\ORMException: Unknown Entity namespace alias 'DreamheadsLeadCRMBundle'. (uncaught exception) at C:\Apache24\htdocs\symfony\vendor\doctrine\orm\lib\Doctrine\ORM\ORMException.php line 148 [] []
[2012-12-23 01:50:03] request.ERROR: Symfony\Component\HttpKernel\Exception\NotFoundHttpException: No route found for "GET /" (uncaught exception) at C:\Apache24\htdocs\symfony\app\cache\prod\classes.php line 5117 [] []
[2012-12-23 01:50:09] request.INFO: Matched route "requests_show" (parameters: "_controller": "Dreamheads\Bundle\LeadCRMBundle\Controller\RequestController::showListAction", "_route": "requests_show") [] []
[2012-12-23 01:50:10] request.CRITICAL: Doctrine\ORM\ORMException: Unknown Entity namespace alias 'DreamheadsLeadCRMBundle'. (uncaught exception) at C:\Apache24\htdocs\symfony\vendor\doctrine\orm\lib\Doctrine\ORM\ORMException.php line 148 [] []
[2012-12-23 01:54:33] request.INFO: Matched route "requests_show" (parameters: "_controller": "Dreamheads\Bundle\LeadCRMBundle\Controller\RequestController::showListAction", "_route": "requests_show") [] []
[2012-12-23 01:54:33] request.CRITICAL: Doctrine\ORM\ORMException: Unknown Entity namespace alias 'DreamheadsLeadCRMBundle'. (uncaught exception) at C:\Apache24\htdocs\symfony\vendor\doctrine\orm\lib\Doctrine\ORM\ORMException.php line 148 [] []
[2012-12-23 01:56:41] request.INFO: Matched route "requests_show" (parameters: "_controller": "Dreamheads\Bundle\LeadCRMBundle\Controller\RequestController::showListAction", "_route": "requests_show") [] []
[2012-12-23 01:56:41] request.CRITICAL: Doctrine\ORM\ORMException: Unknown Entity namespace alias 'DreamheadsLeadCRMBundle'. (uncaught exception) at C:\Apache24\htdocs\symfony\vendor\doctrine\orm\lib\Doctrine\ORM\ORMException.php line 148 [] []
[2012-12-23 01:58:42] request.INFO: Matched route "requests_show" (parameters: "_controller": "Dreamheads\Bundle\LeadCRMBundle\Controller\RequestController::showListAction", "_route": "requests_show") [] []
[2012-12-23 01:58:43] request.CRITICAL: Doctrine\ORM\ORMException: Unknown Entity namespace alias 'DreamheadsLeadCRMBundle'. (uncaught exception) at C:\Apache24\htdocs\symfony\vendor\doctrine\orm\lib\Doctrine\ORM\ORMException.php line 148 [] []
[2012-12-23 01:58:45] request.INFO: Matched route "requests_show" (parameters: "_controller": "Dreamheads\Bundle\LeadCRMBundle\Controller\RequestController::showListAction", "_route": "requests_show") [] []
[2012-12-23 01:58:45] request.CRITICAL: Doctrine\ORM\ORMException: Unknown Entity namespace alias 'DreamheadsLeadCRMBundle'. (uncaught exception) at C:\Apache24\htdocs\symfony\vendor\doctrine\orm\lib\Doctrine\ORM\ORMException.php line 148 [] []
[2012-12-23 01:59:58] request.INFO: Matched route "requests_show" (parameters: "_controller": "Dreamheads\Bundle\LeadCRMBundle\Controller\RequestController::showListAction", "_route": "requests_show") [] []
[2012-12-23 01:59:58] request.CRITICAL: Doctrine\ORM\ORMException: Unknown Entity namespace alias 'DreamheadsLeadCRMBundle'. (uncaught exception) at C:\Apache24\htdocs\symfony\vendor\doctrine\orm\lib\Doctrine\ORM\ORMException.php line 148 [] []
[2012-12-23 02:00:03] request.INFO: Matched route "requests_show" (parameters: "_controller": "Dreamheads\Bundle\LeadCRMBundle\Controller\RequestController::showListAction", "_route": "requests_show") [] []
[2012-12-23 02:00:03] request.CRITICAL: Doctrine\ORM\ORMException: Unknown Entity namespace alias 'DreamheadsLeadCRMBundle'. (uncaught exception) at C:\Apache24\htdocs\symfony\vendor\doctrine\orm\lib\Doctrine\ORM\ORMException.php line 148 [] []
[2012-12-23 02:00:42] request.INFO: Matched route "requests_show" (parameters: "_controller": "Dreamheads\Bundle\LeadCRMBundle\Controller\RequestController::showListAction", "_route": "requests_show") [] []
[2012-12-23 02:00:42] request.CRITICAL: Doctrine\ORM\ORMException: Unknown Entity namespace alias 'DreamheadsLeadCRMBundle'. (uncaught exception) at C:\Apache24\htdocs\symfony\vendor\doctrine\orm\lib\Doctrine\ORM\ORMException.php line 148 [] []
[2012-12-23 02:00:42] request.INFO: Matched route "requests_show" (parameters: "_controller": "Dreamheads\Bundle\LeadCRMBundle\Controller\RequestController::showListAction", "_route": "requests_show") [] []
[2012-12-23 02:00:42] request.CRITICAL: Doctrine\ORM\ORMException: Unknown Entity namespace alias 'DreamheadsLeadCRMBundle'. (uncaught exception) at C:\Apache24\htdocs\symfony\vendor\doctrine\orm\lib\Doctrine\ORM\ORMException.php line 148 [] []
[2012-12-23 02:00:45] request.INFO: Matched route "requests_show" (parameters: "_controller": "Dreamheads\Bundle\LeadCRMBundle\Controller\RequestController::showListAction", "_route": "requests_show") [] []
[2012-12-23 02:00:45] request.CRITICAL: Doctrine\ORM\ORMException: Unknown Entity namespace alias 'DreamheadsLeadCRMBundle'. (uncaught exception) at C:\Apache24\htdocs\symfony\vendor\doctrine\orm\lib\Doctrine\ORM\ORMException.php line 148 [] []
[2012-12-23 02:04:02] request.INFO: Matched route "requests_show" (parameters: "_controller": "Dreamheads\Bundle\LeadCRMBundle\Controller\RequestController::showListAction", "_route": "requests_show") [] []
[2012-12-23 02:04:03] request.CRITICAL: Doctrine\ORM\ORMException: Unknown Entity namespace alias 'DreamheadsLeadCRMBundle'. (uncaught exception) at C:\Apache24\htdocs\symfony\vendor\doctrine\orm\lib\Doctrine\ORM\ORMException.php line 148 [] []
[2012-12-23 02:04:16] request.INFO: Matched route "requests_show" (parameters: "_controller": "Dreamheads\Bundle\LeadCRMBundle\Controller\RequestController::showListAction", "_route": "requests_show") [] []
[2012-12-23 02:04:16] request.CRITICAL: Doctrine\ORM\ORMException: Unknown Entity namespace alias 'DreamheadsLeadCRMBundle'. (uncaught exception) at C:\Apache24\htdocs\symfony\vendor\doctrine\orm\lib\Doctrine\ORM\ORMException.php line 148 [] []
[2012-12-23 02:04:25] request.INFO: Matched route "requests_show" (parameters: "_controller": "Dreamheads\Bundle\LeadCRMBundle\Controller\RequestController::showListAction", "_route": "requests_show") [] []
[2012-12-23 02:04:26] request.CRITICAL: Doctrine\ORM\ORMException: Unknown Entity namespace alias 'DreamheadsLeadCRMBundle'. (uncaught exception) at C:\Apache24\htdocs\symfony\vendor\doctrine\orm\lib\Doctrine\ORM\ORMException.php line 148 [] []
[2012-12-23 02:05:29] request.INFO: Matched route "requests_show" (parameters: "_controller": "Dreamheads\Bundle\LeadCRMBundle\Controller\RequestController::showListAction", "_route": "requests_show") [] []
[2012-12-23 02:05:30] request.CRITICAL: Doctrine\ORM\ORMException: Unknown Entity namespace alias 'DreamheadsLeadCRMBundle'. (uncaught exception) at C:\Apache24\htdocs\symfony\vendor\doctrine\orm\lib\Doctrine\ORM\ORMException.php line 148 [] []
[2012-12-23 02:08:50] request.ERROR: Symfony\Component\HttpKernel\Exception\NotFoundHttpException: No route found for "GET /products" (uncaught exception) at C:\Apache24\htdocs\symfony\app\cache\prod\classes.php line 5117 [] []
[2012-12-23 02:09:29] request.ERROR: Symfony\Component\HttpKernel\Exception\NotFoundHttpException: No route found for "GET /products" (uncaught exception) at C:\Apache24\htdocs\symfony\app\cache\prod\classes.php line 5117 [] []
[2012-12-23 02:15:10] request.ERROR: Symfony\Component\HttpKernel\Exception\NotFoundHttpException: No route found for "GET /products" (uncaught exception) at C:\Apache24\htdocs\symfony\app\cache\prod\classes.php line 5117 [] []
[2012-12-23 22:53:45] request.ERROR: Symfony\Component\HttpKernel\Exception\NotFoundHttpException: No route found for "GET /" (uncaught exception) at C:\Apache24\htdocs\symfony\app\cache\prod\classes.php line 5117 [] []
[2012-12-23 22:54:23] request.ERROR: Symfony\Component\HttpKernel\Exception\NotFoundHttpException: No route found for "GET /products" (uncaught exception) at C:\Apache24\htdocs\symfony\app\cache\prod\classes.php line 5117 [] []
[2012-12-23 22:54:27] request.ERROR: Symfony\Component\HttpKernel\Exception\NotFoundHttpException: No route found for "GET /products" (uncaught exception) at C:\Apache24\htdocs\symfony\app\cache\prod\classes.php line 5117 [] []
[2012-12-23 22:54:41] request.ERROR: Symfony\Component\HttpKernel\Exception\NotFoundHttpException: No route found for "GET /products" (uncaught exception) at C:\Apache24\htdocs\symfony\app\cache\prod\classes.php line 5117 [] []
[2012-12-23 22:54:57] request.ERROR: Symfony\Component\HttpKernel\Exception\NotFoundHttpException: No route found for "GET /products" (uncaught exception) at C:\Apache24\htdocs\symfony\app\cache\prod\classes.php line 5117 [] []
[2012-12-23 22:56:21] request.ERROR: Symfony\Component\HttpKernel\Exception\NotFoundHttpException: No route found for "GET /products" (uncaught exception) at C:\Apache24\htdocs\symfony\app\cache\prod\classes.php line 5117 [] []
[2012-12-23 22:56:23] request.ERROR: Symfony\Component\HttpKernel\Exception\NotFoundHttpException: No route found for "GET /products" (uncaught exception) at C:\Apache24\htdocs\symfony\app\cache\prod\classes.php line 5117 [] []
[2012-12-23 22:56:31] request.ERROR: Symfony\Component\HttpKernel\Exception\NotFoundHttpException: No route found for "GET /app.dev/products" (uncaught exception) at C:\Apache24\htdocs\symfony\app\cache\prod\classes.php line 5117 [] []
[2012-12-23 22:56:48] request.ERROR: Symfony\Component\HttpKernel\Exception\NotFoundHttpException: No route found for "GET /products" (uncaught exception) at C:\Apache24\htdocs\symfony\app\cache\prod\classes.php line 5117 [] []
[2012-12-23 22:56:48] request.ERROR: Symfony\Component\HttpKernel\Exception\NotFoundHttpException: No route found for "GET /products" (uncaught exception) at C:\Apache24\htdocs\symfony\app\cache\prod\classes.php line 5117 [] []
[2012-12-23 22:57:04] request.ERROR: Symfony\Component\HttpKernel\Exception\NotFoundHttpException: No route found for "GET /products" (uncaught exception) at C:\Apache24\htdocs\symfony\app\cache\prod\classes.php line 5117 [] []
[2012-12-23 22:58:41] request.ERROR: Symfony\Component\HttpKernel\Exception\NotFoundHttpException: No route found for "GET /products" (uncaught exception) at C:\Apache24\htdocs\symfony\app\cache\prod\classes.php line 5117 [] []
[2012-12-23 22:58:43] request.ERROR: Symfony\Component\HttpKernel\Exception\NotFoundHttpException: No route found for "GET /products" (uncaught exception) at C:\Apache24\htdocs\symfony\app\cache\prod\classes.php line 5117 [] []
[2012-12-23 22:58:45] request.ERROR: Symfony\Component\HttpKernel\Exception\NotFoundHttpException: No route found for "GET /products" (uncaught exception) at C:\Apache24\htdocs\symfony\app\cache\prod\classes.php line 5117 [] []
[2012-12-23 22:59:28] request.ERROR: Symfony\Component\HttpKernel\Exception\NotFoundHttpException: No route found for "GET /products" (uncaught exception) at C:\Apache24\htdocs\symfony\app\cache\prod\classes.php line 5117 [] []
[2012-12-23 22:59:31] request.ERROR: Symfony\Component\HttpKernel\Exception\NotFoundHttpException: No route found for "GET /products" (uncaught exception) at C:\Apache24\htdocs\symfony\app\cache\prod\classes.php line 5117 [] []
[2012-12-23 22:59:36] request.ERROR: Symfony\Component\HttpKernel\Exception\NotFoundHttpException: No route found for "GET /products" (uncaught exception) at C:\Apache24\htdocs\symfony\app\cache\prod\classes.php line 5117 [] []
[2012-12-23 22:59:36] request.ERROR: Symfony\Component\HttpKernel\Exception\NotFoundHttpException: No route found for "GET /products" (uncaught exception) at C:\Apache24\htdocs\symfony\app\cache\prod\classes.php line 5117 [] []
[2012-12-23 22:59:40] request.ERROR: Symfony\Component\HttpKernel\Exception\NotFoundHttpException: No route found for "GET /products" (uncaught exception) at C:\Apache24\htdocs\symfony\app\cache\prod\classes.php line 5117 [] []
[2012-12-23 22:59:45] request.ERROR: Symfony\Component\HttpKernel\Exception\NotFoundHttpException: No route found for "GET /products" (uncaught exception) at C:\Apache24\htdocs\symfony\app\cache\prod\classes.php line 5117 [] []
[2012-12-23 22:59:49] request.ERROR: Symfony\Component\HttpKernel\Exception\NotFoundHttpException: No route found for "GET /products" (uncaught exception) at C:\Apache24\htdocs\symfony\app\cache\prod\classes.php line 5117 [] []
[2012-12-23 23:00:48] request.ERROR: Symfony\Component\HttpKernel\Exception\NotFoundHttpException: No route found for "GET /products" (uncaught exception) at C:\Apache24\htdocs\symfony\app\cache\prod\classes.php line 5117 [] []
[2012-12-23 23:00:48] request.ERROR: Symfony\Component\HttpKernel\Exception\NotFoundHttpException: No route found for "GET /products" (uncaught exception) at C:\Apache24\htdocs\symfony\app\cache\prod\classes.php line 5117 [] []
[2012-12-23 23:00:51] request.ERROR: Symfony\Component\HttpKernel\Exception\NotFoundHttpException: No route found for "GET /products" (uncaught exception) at C:\Apache24\htdocs\symfony\app\cache\prod\classes.php line 5117 [] []
